2017-10-30T10:40:31.673+08:00 INFO registry 6820 remote_etcd_plugin.go 0():41 "etcd plugin init."
2017-10-30T10:40:31.677+08:00 INFO registry 6820 embed_etcd_plugin.go 0():41 "embed etcd plugin init."
2017-10-30T10:40:31.681+08:00 WARN registry 6820 remote_etcd_plugin.go NewRegistry():521 "starting service center in proxy mode"
2017-10-30T10:40:31.683+08:00 WARN registry 6820 remote_etcd_plugin.go NewRegistry():559 "get etcd client [127.0.0.1:2379] completed."
2017-10-30T10:40:31.686+08:00 INFO registry 6820 remote_etcd_plugin.go PutNoOverride():219 "response /cse/etcdsync/global true 21"
2017-10-30T10:40:31.690+08:00 INFO registry 6820 cacher.go func1():485 "start to list and watch {key: /cse-sr/tenant/, timeout: 30s, period: 1s}"
2017-10-30T10:40:31.690+08:00 INFO registry 6820 cacher.go func1():485 "start to list and watch {key: /cse-sr/inst/leases/, timeout: 30s, period: 1s}"
2017-10-30T10:40:31.690+08:00 INFO registry 6820 cacher.go func1():485 "start to list and watch {key: /cse-sr/ms/files/, timeout: 30s, period: 1s}"
2017-10-30T10:40:31.690+08:00 INFO registry 6820 cacher.go func1():485 "start to list and watch {key: /cse-sr/inst/files/, timeout: 30s, period: 1s}"
2017-10-30T10:40:31.690+08:00 INFO registry 6820 cacher.go func1():485 "start to list and watch {key: /cse-sr/ms/indexes/, timeout: 30s, period: 1s}"
2017-10-30T10:40:31.690+08:00 INFO registry 6820 cacher.go func1():485 "start to list and watch {key: /cse-sr/ms/alias/, timeout: 30s, period: 1s}"
2017-10-30T10:40:31.690+08:00 INFO registry 6820 cacher.go func1():485 "start to list and watch {key: /cse-sr/ms/deps/, timeout: 30s, period: 1s}"
2017-10-30T10:40:31.690+08:00 INFO registry 6820 cacher.go func1():485 "start to list and watch {key: /cse-sr/ms/tags/, timeout: 30s, period: 1s}"
2017-10-30T10:40:31.691+08:00 INFO registry 6820 cacher.go func1():485 "start to list and watch {key: /cse-sr/ms/rules/, timeout: 30s, period: 1s}"
2017-10-30T10:40:31.692+08:00 INFO registry 6820 cacher.go func1():485 "start to list and watch {key: /cse-sr/ms/rule-indexes/, timeout: 30s, period: 1s}"
2017-10-30T10:40:31.692+08:00 INFO registry 6820 cacher.go func1():485 "start to list and watch {key: /cse-sr/ms/schema-sum/, timeout: 30s, period: 1s}"
2017-10-30T10:40:31.690+08:00 INFO registry 6820 cacher.go func1():485 "start to list and watch {key: /cse-sr/ms/dep-rules/, timeout: 30s, period: 1s}"
2017-10-30T10:40:31.708+08:00 INFO registry 6820 listwatch.go func1():87 "key /cse-sr/inst/leases/: got a watch response {action: PUT, count: 1/1, rev: 23, succeed: true} from etcd server"
2017-10-30T10:40:31.708+08:00 INFO registry 6820 listwatch.go func1():87 "key /cse-sr/inst/files/: got a watch response {action: PUT, count: 1/1, rev: 23, succeed: true} from etcd server"
2017-10-30T10:41:57.469+08:00 INFO registry 6820 listwatch.go func1():87 "key /cse-sr/ms/files/: got a watch response {action: PUT, count: 1/1, rev: 24, succeed: true} from etcd server"
2017-10-30T10:41:59.952+08:00 INFO registry 6820 listwatch.go func1():87 "key /cse-sr/ms/files/: got a watch response {action: PUT, count: 1/1, rev: 25, succeed: true} from etcd server"
2017-10-30T10:42:05.827+08:00 INFO registry 6820 listwatch.go func1():87 "key /cse-sr/ms/files/: got a watch response {action: PUT, count: 1/1, rev: 26, succeed: true} from etcd server"
2017-10-30T10:43:29.603+08:00 INFO registry 6820 listwatch.go func1():87 "key /cse-sr/inst/files/: got a watch response {action: DELETE, count: 1/1, rev: 27, succeed: true} from etcd server"
2017-10-30T10:43:29.603+08:00 INFO registry 6820 listwatch.go func1():87 "key /cse-sr/inst/leases/: got a watch response {action: DELETE, count: 1/1, rev: 27, succeed: true} from etcd server"
2017-10-30T10:43:55.266+08:00 INFO registry 4212 remote_etcd_plugin.go 0():41 "etcd plugin init."
2017-10-30T10:43:55.271+08:00 INFO registry 4212 embed_etcd_plugin.go 0():41 "embed etcd plugin init."
2017-10-30T10:43:55.276+08:00 WARN registry 4212 remote_etcd_plugin.go NewRegistry():521 "starting service center in proxy mode"
2017-10-30T10:43:55.279+08:00 WARN registry 4212 remote_etcd_plugin.go NewRegistry():559 "get etcd client [127.0.0.1:2379] completed."
2017-10-30T10:43:55.282+08:00 INFO registry 4212 remote_etcd_plugin.go PutNoOverride():219 "response /cse/etcdsync/global true 28"
2017-10-30T10:43:55.286+08:00 INFO registry 4212 cacher.go func1():485 "start to list and watch {key: /cse-sr/tenant/, timeout: 30s, period: 1s}"
2017-10-30T10:43:55.286+08:00 INFO registry 4212 cacher.go func1():485 "start to list and watch {key: /cse-sr/inst/files/, timeout: 30s, period: 1s}"
2017-10-30T10:43:55.286+08:00 INFO registry 4212 cacher.go func1():485 "start to list and watch {key: /cse-sr/inst/leases/, timeout: 30s, period: 1s}"
2017-10-30T10:43:55.286+08:00 INFO registry 4212 cacher.go func1():485 "start to list and watch {key: /cse-sr/ms/files/, timeout: 30s, period: 1s}"
2017-10-30T10:43:55.286+08:00 INFO registry 4212 cacher.go func1():485 "start to list and watch {key: /cse-sr/ms/indexes/, timeout: 30s, period: 1s}"
2017-10-30T10:43:55.286+08:00 INFO registry 4212 cacher.go func1():485 "start to list and watch {key: /cse-sr/ms/alias/, timeout: 30s, period: 1s}"
2017-10-30T10:43:55.286+08:00 INFO registry 4212 cacher.go func1():485 "start to list and watch {key: /cse-sr/ms/deps/, timeout: 30s, period: 1s}"
2017-10-30T10:43:55.287+08:00 INFO registry 4212 cacher.go func1():485 "start to list and watch {key: /cse-sr/ms/dep-rules/, timeout: 30s, period: 1s}"
2017-10-30T10:43:55.287+08:00 INFO registry 4212 cacher.go func1():485 "start to list and watch {key: /cse-sr/ms/tags/, timeout: 30s, period: 1s}"
2017-10-30T10:43:55.288+08:00 INFO registry 4212 cacher.go func1():485 "start to list and watch {key: /cse-sr/ms/rules/, timeout: 30s, period: 1s}"
2017-10-30T10:43:55.288+08:00 INFO registry 4212 cacher.go func1():485 "start to list and watch {key: /cse-sr/ms/rule-indexes/, timeout: 30s, period: 1s}"
2017-10-30T10:43:55.289+08:00 INFO registry 4212 cacher.go func1():485 "start to list and watch {key: /cse-sr/ms/schema-sum/, timeout: 30s, period: 1s}"
2017-10-30T10:43:55.306+08:00 INFO registry 4212 listwatch.go func1():87 "key /cse-sr/inst/leases/: got a watch response {action: PUT, count: 1/1, rev: 30, succeed: true} from etcd server"
2017-10-30T10:43:55.306+08:00 INFO registry 4212 listwatch.go func1():87 "key /cse-sr/inst/files/: got a watch response {action: PUT, count: 1/1, rev: 30, succeed: true} from etcd server"
2017-10-30T10:45:12.328+08:00 INFO registry 1444 remote_etcd_plugin.go 0():41 "etcd plugin init."
2017-10-30T10:45:12.333+08:00 INFO registry 1444 embed_etcd_plugin.go 0():41 "embed etcd plugin init."
2017-10-30T10:45:12.337+08:00 WARN registry 1444 remote_etcd_plugin.go NewRegistry():521 "starting service center in proxy mode"
2017-10-30T10:45:12.339+08:00 WARN registry 1444 remote_etcd_plugin.go NewRegistry():559 "get etcd client [127.0.0.1:2379] completed."
2017-10-30T10:45:12.352+08:00 INFO registry 1444 remote_etcd_plugin.go PutNoOverride():219 "response /cse/etcdsync/global true 31"
2017-10-30T10:45:12.353+08:00 INFO registry 1444 cacher.go func1():485 "start to list and watch {key: /cse-sr/tenant/, timeout: 30s, period: 1s}"
2017-10-30T10:45:12.353+08:00 INFO registry 1444 cacher.go func1():485 "start to list and watch {key: /cse-sr/ms/files/, timeout: 30s, period: 1s}"
2017-10-30T10:45:12.353+08:00 INFO registry 1444 cacher.go func1():485 "start to list and watch {key: /cse-sr/inst/leases/, timeout: 30s, period: 1s}"
2017-10-30T10:45:12.353+08:00 INFO registry 1444 cacher.go func1():485 "start to list and watch {key: /cse-sr/ms/alias/, timeout: 30s, period: 1s}"
2017-10-30T10:45:12.353+08:00 INFO registry 1444 cacher.go func1():485 "start to list and watch {key: /cse-sr/inst/files/, timeout: 30s, period: 1s}"
2017-10-30T10:45:12.353+08:00 INFO registry 1444 cacher.go func1():485 "start to list and watch {key: /cse-sr/ms/deps/, timeout: 30s, period: 1s}"
2017-10-30T10:45:12.353+08:00 INFO registry 1444 cacher.go func1():485 "start to list and watch {key: /cse-sr/ms/indexes/, timeout: 30s, period: 1s}"
2017-10-30T10:45:12.353+08:00 INFO registry 1444 cacher.go func1():485 "start to list and watch {key: /cse-sr/ms/dep-rules/, timeout: 30s, period: 1s}"
2017-10-30T10:45:12.354+08:00 INFO registry 1444 cacher.go func1():485 "start to list and watch {key: /cse-sr/ms/tags/, timeout: 30s, period: 1s}"
2017-10-30T10:45:12.354+08:00 INFO registry 1444 cacher.go func1():485 "start to list and watch {key: /cse-sr/ms/rules/, timeout: 30s, period: 1s}"
2017-10-30T10:45:12.354+08:00 INFO registry 1444 cacher.go func1():485 "start to list and watch {key: /cse-sr/ms/rule-indexes/, timeout: 30s, period: 1s}"
2017-10-30T10:45:12.354+08:00 INFO registry 1444 cacher.go func1():485 "start to list and watch {key: /cse-sr/ms/schema-sum/, timeout: 30s, period: 1s}"
2017-10-30T10:45:12.364+08:00 INFO registry 1444 listwatch.go func1():87 "key /cse-sr/inst/leases/: got a watch response {action: PUT, count: 1/1, rev: 33, succeed: true} from etcd server"
2017-10-30T10:45:12.364+08:00 INFO registry 1444 listwatch.go func1():87 "key /cse-sr/inst/files/: got a watch response {action: PUT, count: 1/1, rev: 33, succeed: true} from etcd server"
2017-10-30T10:45:15.490+08:00 INFO registry 1444 listwatch.go func1():87 "key /cse-sr/ms/schema-sum/: got a watch response {action: PUT, count: 1/1, rev: 34, succeed: true} from etcd server"
2017-10-30T10:45:15.490+08:00 INFO registry 1444 listwatch.go func1():87 "key /cse-sr/ms/files/: got a watch response {action: PUT, count: 1/1, rev: 34, succeed: true} from etcd server"
