2017-10-30T10:40:31.659+08:00 INFO service_center 6820 0_init.go printVersion():59 "service center version: 0.0.1"
2017-10-30T10:40:31.670+08:00 INFO service_center 6820 0_init.go printVersion():60 "Build tag: Not provided"
2017-10-30T10:40:31.670+08:00 INFO service_center 6820 0_init.go printVersion():61 "Go version: go1.9"
2017-10-30T10:40:31.670+08:00 INFO service_center 6820 0_init.go printVersion():62 "Go OS/Arch: windows/amd64"
2017-10-30T10:40:31.670+08:00 INFO service_center 6820 0_init.go printVersion():66 "service center is running simultaneously with 4 CPU cores"
2017-10-30T10:40:31.670+08:00 INFO service_center 6820 tlsutil.go LoadServerSSLConfig():131 "server ssl configs enabled false, verifyClient true, minv 0x303, ciphers 4, phase 0."
2017-10-30T10:40:31.670+08:00 INFO service_center 6820 tlsutil.go LoadClientSSLConfig():161 "client ssl configs enabled false, verifyclient true, minv 0x303, cipers 4, pphase 0."
2017-10-30T10:40:31.677+08:00 INFO service_center 6820 roa.go RegisterServent():64 "register servant github.com/ServiceComb/service-center/server/rest/controller/v4.MainService"
2017-10-30T10:40:31.677+08:00 INFO service_center 6820 route.go addRoute():69 "register route /v4/:domain/registry/version(GET)."
2017-10-30T10:40:31.677+08:00 INFO service_center 6820 route.go addRoute():69 "register route /v4/:domain/registry/health(GET)."
2017-10-30T10:40:31.677+08:00 INFO service_center 6820 roa.go RegisterServent():64 "register servant github.com/ServiceComb/service-center/server/rest/controller/v4.MicroServiceService"
2017-10-30T10:40:31.677+08:00 INFO service_center 6820 route.go addRoute():69 "register route /v4/:domain/registry/existence(GET)."
2017-10-30T10:40:31.677+08:00 INFO service_center 6820 route.go addRoute():69 "register route /v4/:domain/registry/microservices(GET)."
2017-10-30T10:40:31.678+08:00 INFO service_center 6820 route.go addRoute():69 "register route /v4/:domain/registry/microservices/:serviceId(GET)."
2017-10-30T10:40:31.678+08:00 INFO service_center 6820 route.go addRoute():69 "register route /v4/:domain/registry/microservices(POST)."
2017-10-30T10:40:31.678+08:00 INFO service_center 6820 route.go addRoute():69 "register route /v4/:domain/registry/microservices/:serviceId/properties(PUT)."
2017-10-30T10:40:31.678+08:00 INFO service_center 6820 route.go addRoute():69 "register route /v4/:domain/registry/microservices/:serviceId(DELETE)."
2017-10-30T10:40:31.678+08:00 INFO service_center 6820 route.go addRoute():69 "register route /v4/:domain/registry/microservices/:serviceId/schemas/:schemaId(GET)."
2017-10-30T10:40:31.678+08:00 INFO service_center 6820 route.go addRoute():69 "register route /v4/:domain/registry/microservices/:serviceId/schemas/:schemaId(PUT)."
2017-10-30T10:40:31.678+08:00 INFO service_center 6820 route.go addRoute():69 "register route /v4/:domain/registry/microservices/:serviceId/schemas/:schemaId(DELETE)."
2017-10-30T10:40:31.678+08:00 INFO service_center 6820 route.go addRoute():69 "register route /v4/:domain/registry/microservices/:serviceId/schemas(POST)."
2017-10-30T10:40:31.678+08:00 INFO service_center 6820 route.go addRoute():69 "register route /v4/:domain/registry/dependencies(PUT)."
2017-10-30T10:40:31.678+08:00 INFO service_center 6820 route.go addRoute():69 "register route /v4/:domain/registry/microservices/:consumerId/providers(GET)."
2017-10-30T10:40:31.678+08:00 INFO service_center 6820 route.go addRoute():69 "register route /v4/:domain/registry/microservices/:providerId/consumers(GET)."
2017-10-30T10:40:31.678+08:00 INFO service_center 6820 route.go addRoute():69 "register route /v4/:domain/registry/microservices(DELETE)."
2017-10-30T10:40:31.678+08:00 INFO service_center 6820 roa.go RegisterServent():64 "register servant github.com/ServiceComb/service-center/server/rest/controller/v4.TagService"
2017-10-30T10:40:31.678+08:00 INFO service_center 6820 route.go addRoute():69 "register route /v4/:domain/registry/microservices/:serviceId/tags(POST)."
2017-10-30T10:40:31.678+08:00 INFO service_center 6820 route.go addRoute():69 "register route /v4/:domain/registry/microservices/:serviceId/tags/:key(PUT)."
2017-10-30T10:40:31.678+08:00 INFO service_center 6820 route.go addRoute():69 "register route /v4/:domain/registry/microservices/:serviceId/tags(GET)."
2017-10-30T10:40:31.678+08:00 INFO service_center 6820 route.go addRoute():69 "register route /v4/:domain/registry/microservices/:serviceId/tags/:key(DELETE)."
2017-10-30T10:40:31.678+08:00 INFO service_center 6820 roa.go RegisterServent():64 "register servant github.com/ServiceComb/service-center/server/rest/controller/v4.RuleService"
2017-10-30T10:40:31.678+08:00 INFO service_center 6820 route.go addRoute():69 "register route /v4/:domain/registry/microservices/:serviceId/rules(POST)."
2017-10-30T10:40:31.678+08:00 INFO service_center 6820 route.go addRoute():69 "register route /v4/:domain/registry/microservices/:serviceId/rules(GET)."
2017-10-30T10:40:31.678+08:00 INFO service_center 6820 route.go addRoute():69 "register route /v4/:domain/registry/microservices/:serviceId/rules/:rule_id(PUT)."
2017-10-30T10:40:31.678+08:00 INFO service_center 6820 route.go addRoute():69 "register route /v4/:domain/registry/microservices/:serviceId/rules/:rule_id(DELETE)."
2017-10-30T10:40:31.678+08:00 INFO service_center 6820 roa.go RegisterServent():64 "register servant github.com/ServiceComb/service-center/server/rest/controller/v4.MicroServiceInstanceService"
2017-10-30T10:40:31.678+08:00 INFO service_center 6820 route.go addRoute():69 "register route /v4/:domain/registry/instances(GET)."
2017-10-30T10:40:31.678+08:00 INFO service_center 6820 route.go addRoute():69 "register route /v4/:domain/registry/microservices/:serviceId/instances(GET)."
2017-10-30T10:40:31.678+08:00 INFO service_center 6820 route.go addRoute():69 "register route /v4/:domain/registry/microservices/:serviceId/instances/:instanceId(GET)."
2017-10-30T10:40:31.678+08:00 INFO service_center 6820 route.go addRoute():69 "register route /v4/:domain/registry/microservices/:serviceId/instances(POST)."
2017-10-30T10:40:31.678+08:00 INFO service_center 6820 route.go addRoute():69 "register route /v4/:domain/registry/microservices/:serviceId/instances/:instanceId(DELETE)."
2017-10-30T10:40:31.678+08:00 INFO service_center 6820 route.go addRoute():69 "register route /v4/:domain/registry/microservices/:serviceId/instances/:instanceId/properties(PUT)."
2017-10-30T10:40:31.678+08:00 INFO service_center 6820 route.go addRoute():69 "register route /v4/:domain/registry/microservices/:serviceId/instances/:instanceId/status(PUT)."
2017-10-30T10:40:31.678+08:00 INFO service_center 6820 route.go addRoute():69 "register route /v4/:domain/registry/microservices/:serviceId/instances/:instanceId/heartbeat(PUT)."
2017-10-30T10:40:31.678+08:00 INFO service_center 6820 route.go addRoute():69 "register route /v4/:domain/registry/heartbeats(PUT)."
2017-10-30T10:40:31.678+08:00 INFO service_center 6820 roa.go RegisterServent():64 "register servant github.com/ServiceComb/service-center/server/rest/controller/v4.WatchService"
2017-10-30T10:40:31.678+08:00 INFO service_center 6820 route.go addRoute():69 "register route /v4/:domain/registry/microservices/:serviceId/watcher(GET)."
2017-10-30T10:40:31.678+08:00 INFO service_center 6820 route.go addRoute():69 "register route /v4/:domain/registry/microservices/:serviceId/listwatcher(GET)."
2017-10-30T10:40:31.679+08:00 INFO service_center 6820 roa.go RegisterServent():64 "register servant github.com/ServiceComb/service-center/server/rest/controller/v4.GovernService"
2017-10-30T10:40:31.679+08:00 INFO service_center 6820 route.go addRoute():69 "register route /v4/:domain/govern/microservices/:serviceId(GET)."
2017-10-30T10:40:31.679+08:00 INFO service_center 6820 route.go addRoute():69 "register route /v4/:domain/govern/relations(GET)."
2017-10-30T10:40:31.679+08:00 INFO service_center 6820 route.go addRoute():69 "register route /v4/:domain/govern/microservices(GET)."
2017-10-30T10:40:31.679+08:00 INFO service_center 6820 roa.go RegisterServent():64 "register servant github.com/ServiceComb/service-center/server/rest/controller/v3.MainService"
2017-10-30T10:40:31.679+08:00 INFO service_center 6820 route.go addRoute():69 "register route /version(GET)."
2017-10-30T10:40:31.679+08:00 INFO service_center 6820 route.go addRoute():69 "register route /health(GET)."
2017-10-30T10:40:31.679+08:00 INFO service_center 6820 roa.go RegisterServent():64 "register servant github.com/ServiceComb/service-center/server/rest/controller/v3.MicroServiceService"
2017-10-30T10:40:31.679+08:00 INFO service_center 6820 route.go addRoute():69 "register route /registry/v3/existence(GET)."
2017-10-30T10:40:31.679+08:00 INFO service_center 6820 route.go addRoute():69 "register route /registry/v3/microservices(GET)."
2017-10-30T10:40:31.679+08:00 INFO service_center 6820 route.go addRoute():69 "register route /registry/v3/microservices/:serviceId(GET)."
2017-10-30T10:40:31.679+08:00 INFO service_center 6820 route.go addRoute():69 "register route /registry/v3/microservices(POST)."
2017-10-30T10:40:31.679+08:00 INFO service_center 6820 route.go addRoute():69 "register route /registry/v3/microservices/:serviceId/properties(PUT)."
2017-10-30T10:40:31.679+08:00 INFO service_center 6820 route.go addRoute():69 "register route /registry/v3/microservices/:serviceId(DELETE)."
2017-10-30T10:40:31.679+08:00 INFO service_center 6820 route.go addRoute():69 "register route /registry/v3/microservices/:serviceId/schemas/:schemaId(GET)."
2017-10-30T10:40:31.679+08:00 INFO service_center 6820 route.go addRoute():69 "register route /registry/v3/microservices/:serviceId/schemas/:schemaId(PUT)."
2017-10-30T10:40:31.679+08:00 INFO service_center 6820 route.go addRoute():69 "register route /registry/v3/microservices/:serviceId/schemas/:schemaId(DELETE)."
2017-10-30T10:40:31.679+08:00 INFO service_center 6820 route.go addRoute():69 "register route /registry/v3/microservices/:serviceId/schemas(POST)."
2017-10-30T10:40:31.679+08:00 INFO service_center 6820 route.go addRoute():69 "register route /registry/v3/dependencies(PUT)."
2017-10-30T10:40:31.679+08:00 INFO service_center 6820 route.go addRoute():69 "register route /registry/v3/microservices/:consumerId/providers(GET)."
2017-10-30T10:40:31.679+08:00 INFO service_center 6820 route.go addRoute():69 "register route /registry/v3/microservices/:providerId/consumers(GET)."
2017-10-30T10:40:31.679+08:00 INFO service_center 6820 route.go addRoute():69 "register route /registry/v3/microservices(DELETE)."
2017-10-30T10:40:31.679+08:00 INFO service_center 6820 roa.go RegisterServent():64 "register servant github.com/ServiceComb/service-center/server/rest/controller/v3.TagService"
2017-10-30T10:40:31.679+08:00 INFO service_center 6820 route.go addRoute():69 "register route /registry/v3/microservices/:serviceId/tags(POST)."
2017-10-30T10:40:31.679+08:00 INFO service_center 6820 route.go addRoute():69 "register route /registry/v3/microservices/:serviceId/tags/:key(PUT)."
2017-10-30T10:40:31.679+08:00 INFO service_center 6820 route.go addRoute():69 "register route /registry/v3/microservices/:serviceId/tags(GET)."
2017-10-30T10:40:31.679+08:00 INFO service_center 6820 route.go addRoute():69 "register route /registry/v3/microservices/:serviceId/tags/:key(DELETE)."
2017-10-30T10:40:31.679+08:00 INFO service_center 6820 roa.go RegisterServent():64 "register servant github.com/ServiceComb/service-center/server/rest/controller/v3.RuleService"
2017-10-30T10:40:31.679+08:00 INFO service_center 6820 route.go addRoute():69 "register route /registry/v3/microservices/:serviceId/rules(POST)."
2017-10-30T10:40:31.679+08:00 INFO service_center 6820 route.go addRoute():69 "register route /registry/v3/microservices/:serviceId/rules(GET)."
2017-10-30T10:40:31.679+08:00 INFO service_center 6820 route.go addRoute():69 "register route /registry/v3/microservices/:serviceId/rules/:rule_id(PUT)."
2017-10-30T10:40:31.679+08:00 INFO service_center 6820 route.go addRoute():69 "register route /registry/v3/microservices/:serviceId/rules/:rule_id(DELETE)."
2017-10-30T10:40:31.679+08:00 INFO service_center 6820 roa.go RegisterServent():64 "register servant github.com/ServiceComb/service-center/server/rest/controller/v3.MicroServiceInstanceService"
2017-10-30T10:40:31.679+08:00 INFO service_center 6820 route.go addRoute():69 "register route /registry/v3/instances(GET)."
2017-10-30T10:40:31.680+08:00 INFO service_center 6820 route.go addRoute():69 "register route /registry/v3/microservices/:serviceId/instances(GET)."
2017-10-30T10:40:31.680+08:00 INFO service_center 6820 route.go addRoute():69 "register route /registry/v3/microservices/:serviceId/instances/:instanceId(GET)."
2017-10-30T10:40:31.680+08:00 INFO service_center 6820 route.go addRoute():69 "register route /registry/v3/microservices/:serviceId/instances(POST)."
2017-10-30T10:40:31.680+08:00 INFO service_center 6820 route.go addRoute():69 "register route /registry/v3/microservices/:serviceId/instances/:instanceId(DELETE)."
2017-10-30T10:40:31.680+08:00 INFO service_center 6820 route.go addRoute():69 "register route /registry/v3/microservices/:serviceId/instances/:instanceId/properties(PUT)."
2017-10-30T10:40:31.680+08:00 INFO service_center 6820 route.go addRoute():69 "register route /registry/v3/microservices/:serviceId/instances/:instanceId/status(PUT)."
2017-10-30T10:40:31.680+08:00 INFO service_center 6820 route.go addRoute():69 "register route /registry/v3/microservices/:serviceId/instances/:instanceId/heartbeat(PUT)."
2017-10-30T10:40:31.680+08:00 INFO service_center 6820 route.go addRoute():69 "register route /registry/v3/heartbeats(PUT)."
2017-10-30T10:40:31.680+08:00 INFO service_center 6820 roa.go RegisterServent():64 "register servant github.com/ServiceComb/service-center/server/rest/controller/v3.WatchService"
2017-10-30T10:40:31.680+08:00 INFO service_center 6820 route.go addRoute():69 "register route /registry/v3/microservices/:serviceId/watcher(GET)."
2017-10-30T10:40:31.680+08:00 INFO service_center 6820 route.go addRoute():69 "register route /registry/v3/microservices/:serviceId/listwatcher(GET)."
2017-10-30T10:40:31.680+08:00 INFO service_center 6820 roa.go RegisterServent():64 "register servant github.com/ServiceComb/service-center/server/rest/controller/v3.GovernService"
2017-10-30T10:40:31.680+08:00 INFO service_center 6820 route.go addRoute():69 "register route /registry/v3/govern/service/:serviceId(GET)."
2017-10-30T10:40:31.680+08:00 INFO service_center 6820 route.go addRoute():69 "register route /registry/v3/govern/relation(GET)."
2017-10-30T10:40:31.680+08:00 INFO service_center 6820 route.go addRoute():69 "register route /registry/v3/govern/services(GET)."
2017-10-30T10:40:31.680+08:00 INFO service_center 6820 bootstrap.go 0():41 "BootStrap Huawei Enterprise Edition"
2017-10-30T10:40:31.680+08:00 INFO service_center 6820 interceptors.go InterceptFunc():72 "Intercept github.com/ServiceComb/service-center/server/interceptor/ratelimiter.Intercept at ACCESS PHASE"
2017-10-30T10:40:31.680+08:00 INFO service_center 6820 interceptors.go InterceptFunc():72 "Intercept github.com/ServiceComb/service-center/server/interceptor/access.Intercept at ACCESS PHASE"
2017-10-30T10:40:31.680+08:00 INFO service_center 6820 interceptors.go InterceptFunc():72 "Intercept github.com/ServiceComb/service-center/server/interceptor/cors.Intercept at ACCESS PHASE"
2017-10-30T10:40:31.680+08:00 INFO service_center 6820 interceptors.go InterceptFunc():72 "Intercept github.com/ServiceComb/service-center/server/interceptor/maxbody.Intercept at CONTENT PHASE"
2017-10-30T10:40:31.680+08:00 INFO service_center 6820 interceptors.go InterceptFunc():72 "Intercept github.com/ServiceComb/service-center/server/interceptor/access.Log at LOG PHASE"
2017-10-30T10:40:31.681+08:00 INFO service_center 6820 mutex.go Lock():126 "Trying to create a lock: key=/cse/etcdsync/global, id=szxbz1373-6820-20171030-10:40:31.681353"
2017-10-30T10:40:31.686+08:00 INFO service_center 6820 mutex.go Lock():138 "Create Lock OK, key=/cse/etcdsync/global, id=szxbz1373-6820-20171030-10:40:31.681353"
2017-10-30T10:40:31.689+08:00 INFO service_center 6820 mutex.go Unlock():187 "Delete lock OK, key=/cse/etcdsync/global, id=szxbz1373-6820-20171030-10:40:31.681353"
2017-10-30T10:40:31.699+08:00 INFO service_center 6820 api.go startRESTServer():208 "Local listen address: rest://127.0.0.1:30100, host: service_center_10_229_34_219."
2017-10-30T10:40:31.699+08:00 WARN service_center 6820 api.go registryService():93 "service center service already registered, service id 147b5c26bd1a11e7aff9286ed488d07e"
2017-10-30T10:40:31.700+08:00 INFO service_center 6820 instances.go Register():79 "start register a new instance: service 147b5c26bd1a11e7aff9286ed488d07e/service_center_10_229_34_219"
2017-10-30T10:40:31.701+08:00 WARN service_center 6820 loader.go Init():43 "no any plugin has been loaded."(error: open ./plugins: The system cannot find the file specified.)
2017-10-30T10:40:31.706+08:00 INFO service_center 6820 instances.go grantOrRenewLease():354 "lease grant 0->120 successfully, instance 147b5c26bd1a11e7aff9286ed488d07e/b2a5ace8bd1b11e7a212286ed488d07e, operator: ."
2017-10-30T10:40:31.708+08:00 INFO service_center 6820 instances.go Register():230 "register instance successful service 147b5c26bd1a11e7aff9286ed488d07e/service_center_10_229_34_219, instanceId b2a5ace8bd1b11e7a212286ed488d07e, operator ."
2017-10-30T10:40:31.708+08:00 INFO service_center 6820 api.go registryInstance():131 "register service center instance successfully, instance 147b5c26bd1a11e7aff9286ed488d07e/b2a5ace8bd1b11e7a212286ed488d07e, endpoints [rest://127.0.0.1:30100]"
2017-10-30T10:40:31.708+08:00 INFO service_center 6820 api.go Start():275 "api server is ready"
2017-10-30T10:40:31.714+08:00 WARN service_center 6820 dependency.go GetConsumersInCache():87 "Get consumer for publish from database is empty.147b5c26bd1a11e7aff9286ed488d07e , get from cache"
2017-10-30T10:41:57.467+08:00 WARN service_center 6820 limiter.go LoadConfig():66 "Rate-limit Load config, ttl: 1s, conns: 0, iplookups: RemoteAddr,X-Forwarded-For,X-Real-IP"
2017-10-30T10:43:29.602+08:00 WARN service_center 6820 grace.go handleSignals():128 "received signal 'interrupt'"
2017-10-30T10:43:29.603+08:00 INFO service_center 6820 instances.go Unregister():280 "unregister instance successful isntance 147b5c26bd1a11e7aff9286ed488d07e/b2a5ace8bd1b11e7a212286ed488d07e, operator ."
2017-10-30T10:43:29.603+08:00 WARN service_center 6820 api.go unregisterInstance():147 "unregister service center instance successfully, 147b5c26bd1a11e7aff9286ed488d07e/b2a5ace8bd1b11e7a212286ed488d07e"
2017-10-30T10:43:29.618+08:00 WARN service_center 6820 dependency.go GetConsumersInCache():87 "Get consumer for publish from database is empty.147b5c26bd1a11e7aff9286ed488d07e , get from cache"
2017-10-30T10:43:32.613+08:00 INFO service_center 6820 api.go Stop():299 "api server stopped."
2017-10-30T10:43:33.145+08:00 WARN service_center 6820 server.go waitForQuit():79 "service center quit"
2017-10-30T10:43:55.249+08:00 INFO service_center 4212 0_init.go printVersion():59 "service center version: 0.0.1"
2017-10-30T10:43:55.262+08:00 INFO service_center 4212 0_init.go printVersion():60 "Build tag: Not provided"
2017-10-30T10:43:55.262+08:00 INFO service_center 4212 0_init.go printVersion():61 "Go version: go1.9"
2017-10-30T10:43:55.262+08:00 INFO service_center 4212 0_init.go printVersion():62 "Go OS/Arch: windows/amd64"
2017-10-30T10:43:55.262+08:00 INFO service_center 4212 0_init.go printVersion():66 "service center is running simultaneously with 4 CPU cores"
2017-10-30T10:43:55.262+08:00 INFO service_center 4212 tlsutil.go LoadServerSSLConfig():131 "server ssl configs enabled false, verifyClient true, minv 0x303, ciphers 4, phase 0."
2017-10-30T10:43:55.262+08:00 INFO service_center 4212 tlsutil.go LoadClientSSLConfig():161 "client ssl configs enabled false, verifyclient true, minv 0x303, cipers 4, pphase 0."
2017-10-30T10:43:55.271+08:00 INFO service_center 4212 roa.go RegisterServent():64 "register servant github.com/ServiceComb/service-center/server/rest/controller/v4.MainService"
2017-10-30T10:43:55.271+08:00 INFO service_center 4212 route.go addRoute():69 "register route /v4/:domain/registry/version(GET)."
2017-10-30T10:43:55.271+08:00 INFO service_center 4212 route.go addRoute():69 "register route /v4/:domain/registry/health(GET)."
2017-10-30T10:43:55.271+08:00 INFO service_center 4212 roa.go RegisterServent():64 "register servant github.com/ServiceComb/service-center/server/rest/controller/v4.MicroServiceService"
2017-10-30T10:43:55.271+08:00 INFO service_center 4212 route.go addRoute():69 "register route /v4/:domain/registry/existence(GET)."
2017-10-30T10:43:55.271+08:00 INFO service_center 4212 route.go addRoute():69 "register route /v4/:domain/registry/microservices(GET)."
2017-10-30T10:43:55.271+08:00 INFO service_center 4212 route.go addRoute():69 "register route /v4/:domain/registry/microservices/:serviceId(GET)."
2017-10-30T10:43:55.271+08:00 INFO service_center 4212 route.go addRoute():69 "register route /v4/:domain/registry/microservices(POST)."
2017-10-30T10:43:55.271+08:00 INFO service_center 4212 route.go addRoute():69 "register route /v4/:domain/registry/microservices/:serviceId/properties(PUT)."
2017-10-30T10:43:55.272+08:00 INFO service_center 4212 route.go addRoute():69 "register route /v4/:domain/registry/microservices/:serviceId(DELETE)."
2017-10-30T10:43:55.272+08:00 INFO service_center 4212 route.go addRoute():69 "register route /v4/:domain/registry/microservices/:serviceId/schemas/:schemaId(GET)."
2017-10-30T10:43:55.272+08:00 INFO service_center 4212 route.go addRoute():69 "register route /v4/:domain/registry/microservices/:serviceId/schemas/:schemaId(PUT)."
2017-10-30T10:43:55.272+08:00 INFO service_center 4212 route.go addRoute():69 "register route /v4/:domain/registry/microservices/:serviceId/schemas/:schemaId(DELETE)."
2017-10-30T10:43:55.272+08:00 INFO service_center 4212 route.go addRoute():69 "register route /v4/:domain/registry/microservices/:serviceId/schemas(POST)."
2017-10-30T10:43:55.272+08:00 INFO service_center 4212 route.go addRoute():69 "register route /v4/:domain/registry/dependencies(PUT)."
2017-10-30T10:43:55.272+08:00 INFO service_center 4212 route.go addRoute():69 "register route /v4/:domain/registry/microservices/:consumerId/providers(GET)."
2017-10-30T10:43:55.272+08:00 INFO service_center 4212 route.go addRoute():69 "register route /v4/:domain/registry/microservices/:providerId/consumers(GET)."
2017-10-30T10:43:55.272+08:00 INFO service_center 4212 route.go addRoute():69 "register route /v4/:domain/registry/microservices(DELETE)."
2017-10-30T10:43:55.272+08:00 INFO service_center 4212 roa.go RegisterServent():64 "register servant github.com/ServiceComb/service-center/server/rest/controller/v4.TagService"
2017-10-30T10:43:55.272+08:00 INFO service_center 4212 route.go addRoute():69 "register route /v4/:domain/registry/microservices/:serviceId/tags(POST)."
2017-10-30T10:43:55.272+08:00 INFO service_center 4212 route.go addRoute():69 "register route /v4/:domain/registry/microservices/:serviceId/tags/:key(PUT)."
2017-10-30T10:43:55.272+08:00 INFO service_center 4212 route.go addRoute():69 "register route /v4/:domain/registry/microservices/:serviceId/tags(GET)."
2017-10-30T10:43:55.272+08:00 INFO service_center 4212 route.go addRoute():69 "register route /v4/:domain/registry/microservices/:serviceId/tags/:key(DELETE)."
2017-10-30T10:43:55.272+08:00 INFO service_center 4212 roa.go RegisterServent():64 "register servant github.com/ServiceComb/service-center/server/rest/controller/v4.RuleService"
2017-10-30T10:43:55.272+08:00 INFO service_center 4212 route.go addRoute():69 "register route /v4/:domain/registry/microservices/:serviceId/rules(POST)."
2017-10-30T10:43:55.273+08:00 INFO service_center 4212 route.go addRoute():69 "register route /v4/:domain/registry/microservices/:serviceId/rules(GET)."
2017-10-30T10:43:55.273+08:00 INFO service_center 4212 route.go addRoute():69 "register route /v4/:domain/registry/microservices/:serviceId/rules/:rule_id(PUT)."
2017-10-30T10:43:55.273+08:00 INFO service_center 4212 route.go addRoute():69 "register route /v4/:domain/registry/microservices/:serviceId/rules/:rule_id(DELETE)."
2017-10-30T10:43:55.273+08:00 INFO service_center 4212 roa.go RegisterServent():64 "register servant github.com/ServiceComb/service-center/server/rest/controller/v4.MicroServiceInstanceService"
2017-10-30T10:43:55.273+08:00 INFO service_center 4212 route.go addRoute():69 "register route /v4/:domain/registry/instances(GET)."
2017-10-30T10:43:55.273+08:00 INFO service_center 4212 route.go addRoute():69 "register route /v4/:domain/registry/microservices/:serviceId/instances(GET)."
2017-10-30T10:43:55.273+08:00 INFO service_center 4212 route.go addRoute():69 "register route /v4/:domain/registry/microservices/:serviceId/instances/:instanceId(GET)."
2017-10-30T10:43:55.273+08:00 INFO service_center 4212 route.go addRoute():69 "register route /v4/:domain/registry/microservices/:serviceId/instances(POST)."
2017-10-30T10:43:55.273+08:00 INFO service_center 4212 route.go addRoute():69 "register route /v4/:domain/registry/microservices/:serviceId/instances/:instanceId(DELETE)."
2017-10-30T10:43:55.273+08:00 INFO service_center 4212 route.go addRoute():69 "register route /v4/:domain/registry/microservices/:serviceId/instances/:instanceId/properties(PUT)."
2017-10-30T10:43:55.273+08:00 INFO service_center 4212 route.go addRoute():69 "register route /v4/:domain/registry/microservices/:serviceId/instances/:instanceId/status(PUT)."
2017-10-30T10:43:55.273+08:00 INFO service_center 4212 route.go addRoute():69 "register route /v4/:domain/registry/microservices/:serviceId/instances/:instanceId/heartbeat(PUT)."
2017-10-30T10:43:55.273+08:00 INFO service_center 4212 route.go addRoute():69 "register route /v4/:domain/registry/heartbeats(PUT)."
2017-10-30T10:43:55.274+08:00 INFO service_center 4212 roa.go RegisterServent():64 "register servant github.com/ServiceComb/service-center/server/rest/controller/v4.WatchService"
2017-10-30T10:43:55.274+08:00 INFO service_center 4212 route.go addRoute():69 "register route /v4/:domain/registry/microservices/:serviceId/watcher(GET)."
2017-10-30T10:43:55.274+08:00 INFO service_center 4212 route.go addRoute():69 "register route /v4/:domain/registry/microservices/:serviceId/listwatcher(GET)."
2017-10-30T10:43:55.274+08:00 INFO service_center 4212 roa.go RegisterServent():64 "register servant github.com/ServiceComb/service-center/server/rest/controller/v4.GovernService"
2017-10-30T10:43:55.274+08:00 INFO service_center 4212 route.go addRoute():69 "register route /v4/:domain/govern/microservices/:serviceId(GET)."
2017-10-30T10:43:55.274+08:00 INFO service_center 4212 route.go addRoute():69 "register route /v4/:domain/govern/relations(GET)."
2017-10-30T10:43:55.274+08:00 INFO service_center 4212 route.go addRoute():69 "register route /v4/:domain/govern/microservices(GET)."
2017-10-30T10:43:55.274+08:00 INFO service_center 4212 roa.go RegisterServent():64 "register servant github.com/ServiceComb/service-center/server/rest/controller/v3.MainService"
2017-10-30T10:43:55.274+08:00 INFO service_center 4212 route.go addRoute():69 "register route /version(GET)."
2017-10-30T10:43:55.274+08:00 INFO service_center 4212 route.go addRoute():69 "register route /health(GET)."
2017-10-30T10:43:55.274+08:00 INFO service_center 4212 roa.go RegisterServent():64 "register servant github.com/ServiceComb/service-center/server/rest/controller/v3.MicroServiceService"
2017-10-30T10:43:55.274+08:00 INFO service_center 4212 route.go addRoute():69 "register route /registry/v3/existence(GET)."
2017-10-30T10:43:55.274+08:00 INFO service_center 4212 route.go addRoute():69 "register route /registry/v3/microservices(GET)."
2017-10-30T10:43:55.274+08:00 INFO service_center 4212 route.go addRoute():69 "register route /registry/v3/microservices/:serviceId(GET)."
2017-10-30T10:43:55.274+08:00 INFO service_center 4212 route.go addRoute():69 "register route /registry/v3/microservices(POST)."
2017-10-30T10:43:55.275+08:00 INFO service_center 4212 route.go addRoute():69 "register route /registry/v3/microservices/:serviceId/properties(PUT)."
2017-10-30T10:43:55.275+08:00 INFO service_center 4212 route.go addRoute():69 "register route /registry/v3/microservices/:serviceId(DELETE)."
2017-10-30T10:43:55.275+08:00 INFO service_center 4212 route.go addRoute():69 "register route /registry/v3/microservices/:serviceId/schemas/:schemaId(GET)."
2017-10-30T10:43:55.275+08:00 INFO service_center 4212 route.go addRoute():69 "register route /registry/v3/microservices/:serviceId/schemas/:schemaId(PUT)."
2017-10-30T10:43:55.275+08:00 INFO service_center 4212 route.go addRoute():69 "register route /registry/v3/microservices/:serviceId/schemas/:schemaId(DELETE)."
2017-10-30T10:43:55.275+08:00 INFO service_center 4212 route.go addRoute():69 "register route /registry/v3/microservices/:serviceId/schemas(POST)."
2017-10-30T10:43:55.275+08:00 INFO service_center 4212 route.go addRoute():69 "register route /registry/v3/dependencies(PUT)."
2017-10-30T10:43:55.275+08:00 INFO service_center 4212 route.go addRoute():69 "register route /registry/v3/microservices/:consumerId/providers(GET)."
2017-10-30T10:43:55.275+08:00 INFO service_center 4212 route.go addRoute():69 "register route /registry/v3/microservices/:providerId/consumers(GET)."
2017-10-30T10:43:55.275+08:00 INFO service_center 4212 route.go addRoute():69 "register route /registry/v3/microservices(DELETE)."
2017-10-30T10:43:55.275+08:00 INFO service_center 4212 roa.go RegisterServent():64 "register servant github.com/ServiceComb/service-center/server/rest/controller/v3.TagService"
2017-10-30T10:43:55.275+08:00 INFO service_center 4212 route.go addRoute():69 "register route /registry/v3/microservices/:serviceId/tags(POST)."
2017-10-30T10:43:55.275+08:00 INFO service_center 4212 route.go addRoute():69 "register route /registry/v3/microservices/:serviceId/tags/:key(PUT)."
2017-10-30T10:43:55.275+08:00 INFO service_center 4212 route.go addRoute():69 "register route /registry/v3/microservices/:serviceId/tags(GET)."
2017-10-30T10:43:55.275+08:00 INFO service_center 4212 route.go addRoute():69 "register route /registry/v3/microservices/:serviceId/tags/:key(DELETE)."
2017-10-30T10:43:55.275+08:00 INFO service_center 4212 roa.go RegisterServent():64 "register servant github.com/ServiceComb/service-center/server/rest/controller/v3.RuleService"
2017-10-30T10:43:55.275+08:00 INFO service_center 4212 route.go addRoute():69 "register route /registry/v3/microservices/:serviceId/rules(POST)."
2017-10-30T10:43:55.275+08:00 INFO service_center 4212 route.go addRoute():69 "register route /registry/v3/microservices/:serviceId/rules(GET)."
2017-10-30T10:43:55.275+08:00 INFO service_center 4212 route.go addRoute():69 "register route /registry/v3/microservices/:serviceId/rules/:rule_id(PUT)."
2017-10-30T10:43:55.275+08:00 INFO service_center 4212 route.go addRoute():69 "register route /registry/v3/microservices/:serviceId/rules/:rule_id(DELETE)."
2017-10-30T10:43:55.275+08:00 INFO service_center 4212 roa.go RegisterServent():64 "register servant github.com/ServiceComb/service-center/server/rest/controller/v3.MicroServiceInstanceService"
2017-10-30T10:43:55.275+08:00 INFO service_center 4212 route.go addRoute():69 "register route /registry/v3/instances(GET)."
2017-10-30T10:43:55.275+08:00 INFO service_center 4212 route.go addRoute():69 "register route /registry/v3/microservices/:serviceId/instances(GET)."
2017-10-30T10:43:55.275+08:00 INFO service_center 4212 route.go addRoute():69 "register route /registry/v3/microservices/:serviceId/instances/:instanceId(GET)."
2017-10-30T10:43:55.275+08:00 INFO service_center 4212 route.go addRoute():69 "register route /registry/v3/microservices/:serviceId/instances(POST)."
2017-10-30T10:43:55.275+08:00 INFO service_center 4212 route.go addRoute():69 "register route /registry/v3/microservices/:serviceId/instances/:instanceId(DELETE)."
2017-10-30T10:43:55.276+08:00 INFO service_center 4212 route.go addRoute():69 "register route /registry/v3/microservices/:serviceId/instances/:instanceId/properties(PUT)."
2017-10-30T10:43:55.276+08:00 INFO service_center 4212 route.go addRoute():69 "register route /registry/v3/microservices/:serviceId/instances/:instanceId/status(PUT)."
2017-10-30T10:43:55.276+08:00 INFO service_center 4212 route.go addRoute():69 "register route /registry/v3/microservices/:serviceId/instances/:instanceId/heartbeat(PUT)."
2017-10-30T10:43:55.276+08:00 INFO service_center 4212 route.go addRoute():69 "register route /registry/v3/heartbeats(PUT)."
2017-10-30T10:43:55.276+08:00 INFO service_center 4212 roa.go RegisterServent():64 "register servant github.com/ServiceComb/service-center/server/rest/controller/v3.WatchService"
2017-10-30T10:43:55.276+08:00 INFO service_center 4212 route.go addRoute():69 "register route /registry/v3/microservices/:serviceId/watcher(GET)."
2017-10-30T10:43:55.276+08:00 INFO service_center 4212 route.go addRoute():69 "register route /registry/v3/microservices/:serviceId/listwatcher(GET)."
2017-10-30T10:43:55.276+08:00 INFO service_center 4212 roa.go RegisterServent():64 "register servant github.com/ServiceComb/service-center/server/rest/controller/v3.GovernService"
2017-10-30T10:43:55.276+08:00 INFO service_center 4212 route.go addRoute():69 "register route /registry/v3/govern/service/:serviceId(GET)."
2017-10-30T10:43:55.276+08:00 INFO service_center 4212 route.go addRoute():69 "register route /registry/v3/govern/relation(GET)."
2017-10-30T10:43:55.276+08:00 INFO service_center 4212 route.go addRoute():69 "register route /registry/v3/govern/services(GET)."
2017-10-30T10:43:55.276+08:00 INFO service_center 4212 bootstrap.go 0():41 "BootStrap Huawei Enterprise Edition"
2017-10-30T10:43:55.276+08:00 INFO service_center 4212 interceptors.go InterceptFunc():72 "Intercept github.com/ServiceComb/service-center/server/interceptor/ratelimiter.Intercept at ACCESS PHASE"
2017-10-30T10:43:55.276+08:00 INFO service_center 4212 interceptors.go InterceptFunc():72 "Intercept github.com/ServiceComb/service-center/server/interceptor/access.Intercept at ACCESS PHASE"
2017-10-30T10:43:55.276+08:00 INFO service_center 4212 interceptors.go InterceptFunc():72 "Intercept github.com/ServiceComb/service-center/server/interceptor/cors.Intercept at ACCESS PHASE"
2017-10-30T10:43:55.276+08:00 INFO service_center 4212 interceptors.go InterceptFunc():72 "Intercept github.com/ServiceComb/service-center/server/interceptor/maxbody.Intercept at CONTENT PHASE"
2017-10-30T10:43:55.276+08:00 INFO service_center 4212 interceptors.go InterceptFunc():72 "Intercept github.com/ServiceComb/service-center/server/interceptor/access.Log at LOG PHASE"
2017-10-30T10:43:55.276+08:00 INFO service_center 4212 mutex.go Lock():126 "Trying to create a lock: key=/cse/etcdsync/global, id=szxbz1373-4212-20171030-10:43:55.276151"
2017-10-30T10:43:55.282+08:00 INFO service_center 4212 mutex.go Lock():138 "Create Lock OK, key=/cse/etcdsync/global, id=szxbz1373-4212-20171030-10:43:55.276151"
2017-10-30T10:43:55.286+08:00 INFO service_center 4212 mutex.go Unlock():187 "Delete lock OK, key=/cse/etcdsync/global, id=szxbz1373-4212-20171030-10:43:55.276151"
2017-10-30T10:43:55.296+08:00 INFO service_center 4212 api.go startRESTServer():208 "Local listen address: rest://127.0.0.1:30100, host: service_center_10_229_34_219."
2017-10-30T10:43:55.296+08:00 WARN service_center 4212 api.go registryService():93 "service center service already registered, service id 147b5c26bd1a11e7aff9286ed488d07e"
2017-10-30T10:43:55.297+08:00 INFO service_center 4212 instances.go Register():79 "start register a new instance: service 147b5c26bd1a11e7aff9286ed488d07e/service_center_10_229_34_219"
2017-10-30T10:43:55.298+08:00 WARN service_center 4212 loader.go Init():43 "no any plugin has been loaded."(error: open ./plugins: The system cannot find the file specified.)
2017-10-30T10:43:55.303+08:00 INFO service_center 4212 instances.go grantOrRenewLease():354 "lease grant 0->120 successfully, instance 147b5c26bd1a11e7aff9286ed488d07e/2c001330bd1c11e7916a286ed488d07e, operator: ."
2017-10-30T10:43:55.306+08:00 INFO service_center 4212 instances.go Register():230 "register instance successful service 147b5c26bd1a11e7aff9286ed488d07e/service_center_10_229_34_219, instanceId 2c001330bd1c11e7916a286ed488d07e, operator ."
2017-10-30T10:43:55.306+08:00 INFO service_center 4212 api.go registryInstance():131 "register service center instance successfully, instance 147b5c26bd1a11e7aff9286ed488d07e/2c001330bd1c11e7916a286ed488d07e, endpoints [rest://127.0.0.1:30100]"
2017-10-30T10:43:55.306+08:00 INFO service_center 4212 api.go Start():275 "api server is ready"
2017-10-30T10:43:55.308+08:00 WARN service_center 4212 dependency.go GetConsumersInCache():87 "Get consumer for publish from database is empty.147b5c26bd1a11e7aff9286ed488d07e , get from cache"
2017-10-30T10:44:09.521+08:00 WARN service_center 4212 limiter.go LoadConfig():66 "Rate-limit Load config, ttl: 1s, conns: 0, iplookups: RemoteAddr,X-Forwarded-For,X-Real-IP"
2017-10-30T10:45:12.313+08:00 INFO service_center 1444 0_init.go printVersion():59 "service center version: 0.0.1"
2017-10-30T10:45:12.324+08:00 INFO service_center 1444 0_init.go printVersion():60 "Build tag: Not provided"
2017-10-30T10:45:12.324+08:00 INFO service_center 1444 0_init.go printVersion():61 "Go version: go1.9"
2017-10-30T10:45:12.325+08:00 INFO service_center 1444 0_init.go printVersion():62 "Go OS/Arch: windows/amd64"
2017-10-30T10:45:12.325+08:00 INFO service_center 1444 0_init.go printVersion():66 "service center is running simultaneously with 4 CPU cores"
2017-10-30T10:45:12.325+08:00 INFO service_center 1444 tlsutil.go LoadServerSSLConfig():131 "server ssl configs enabled false, verifyClient true, minv 0x303, ciphers 4, phase 0."
2017-10-30T10:45:12.325+08:00 INFO service_center 1444 tlsutil.go LoadClientSSLConfig():161 "client ssl configs enabled false, verifyclient true, minv 0x303, cipers 4, pphase 0."
2017-10-30T10:45:12.333+08:00 INFO service_center 1444 roa.go RegisterServent():64 "register servant github.com/ServiceComb/service-center/server/rest/controller/v4.MainService"
2017-10-30T10:45:12.333+08:00 INFO service_center 1444 route.go addRoute():69 "register route /v4/:domain/registry/version(GET)."
2017-10-30T10:45:12.333+08:00 INFO service_center 1444 route.go addRoute():69 "register route /v4/:domain/registry/health(GET)."
2017-10-30T10:45:12.333+08:00 INFO service_center 1444 roa.go RegisterServent():64 "register servant github.com/ServiceComb/service-center/server/rest/controller/v4.MicroServiceService"
2017-10-30T10:45:12.333+08:00 INFO service_center 1444 route.go addRoute():69 "register route /v4/:domain/registry/existence(GET)."
2017-10-30T10:45:12.333+08:00 INFO service_center 1444 route.go addRoute():69 "register route /v4/:domain/registry/microservices(GET)."
2017-10-30T10:45:12.333+08:00 INFO service_center 1444 route.go addRoute():69 "register route /v4/:domain/registry/microservices/:serviceId(GET)."
2017-10-30T10:45:12.333+08:00 INFO service_center 1444 route.go addRoute():69 "register route /v4/:domain/registry/microservices(POST)."
2017-10-30T10:45:12.333+08:00 INFO service_center 1444 route.go addRoute():69 "register route /v4/:domain/registry/microservices/:serviceId/properties(PUT)."
2017-10-30T10:45:12.334+08:00 INFO service_center 1444 route.go addRoute():69 "register route /v4/:domain/registry/microservices/:serviceId(DELETE)."
2017-10-30T10:45:12.334+08:00 INFO service_center 1444 route.go addRoute():69 "register route /v4/:domain/registry/microservices/:serviceId/schemas/:schemaId(GET)."
2017-10-30T10:45:12.334+08:00 INFO service_center 1444 route.go addRoute():69 "register route /v4/:domain/registry/microservices/:serviceId/schemas/:schemaId(PUT)."
2017-10-30T10:45:12.334+08:00 INFO service_center 1444 route.go addRoute():69 "register route /v4/:domain/registry/microservices/:serviceId/schemas/:schemaId(DELETE)."
2017-10-30T10:45:12.334+08:00 INFO service_center 1444 route.go addRoute():69 "register route /v4/:domain/registry/microservices/:serviceId/schemas(POST)."
2017-10-30T10:45:12.334+08:00 INFO service_center 1444 route.go addRoute():69 "register route /v4/:domain/registry/dependencies(PUT)."
2017-10-30T10:45:12.334+08:00 INFO service_center 1444 route.go addRoute():69 "register route /v4/:domain/registry/microservices/:consumerId/providers(GET)."
2017-10-30T10:45:12.334+08:00 INFO service_center 1444 route.go addRoute():69 "register route /v4/:domain/registry/microservices/:providerId/consumers(GET)."
2017-10-30T10:45:12.334+08:00 INFO service_center 1444 route.go addRoute():69 "register route /v4/:domain/registry/microservices(DELETE)."
2017-10-30T10:45:12.334+08:00 INFO service_center 1444 roa.go RegisterServent():64 "register servant github.com/ServiceComb/service-center/server/rest/controller/v4.TagService"
2017-10-30T10:45:12.334+08:00 INFO service_center 1444 route.go addRoute():69 "register route /v4/:domain/registry/microservices/:serviceId/tags(POST)."
2017-10-30T10:45:12.334+08:00 INFO service_center 1444 route.go addRoute():69 "register route /v4/:domain/registry/microservices/:serviceId/tags/:key(PUT)."
2017-10-30T10:45:12.334+08:00 INFO service_center 1444 route.go addRoute():69 "register route /v4/:domain/registry/microservices/:serviceId/tags(GET)."
2017-10-30T10:45:12.334+08:00 INFO service_center 1444 route.go addRoute():69 "register route /v4/:domain/registry/microservices/:serviceId/tags/:key(DELETE)."
2017-10-30T10:45:12.334+08:00 INFO service_center 1444 roa.go RegisterServent():64 "register servant github.com/ServiceComb/service-center/server/rest/controller/v4.RuleService"
2017-10-30T10:45:12.334+08:00 INFO service_center 1444 route.go addRoute():69 "register route /v4/:domain/registry/microservices/:serviceId/rules(POST)."
2017-10-30T10:45:12.334+08:00 INFO service_center 1444 route.go addRoute():69 "register route /v4/:domain/registry/microservices/:serviceId/rules(GET)."
2017-10-30T10:45:12.334+08:00 INFO service_center 1444 route.go addRoute():69 "register route /v4/:domain/registry/microservices/:serviceId/rules/:rule_id(PUT)."
2017-10-30T10:45:12.334+08:00 INFO service_center 1444 route.go addRoute():69 "register route /v4/:domain/registry/microservices/:serviceId/rules/:rule_id(DELETE)."
2017-10-30T10:45:12.334+08:00 INFO service_center 1444 roa.go RegisterServent():64 "register servant github.com/ServiceComb/service-center/server/rest/controller/v4.MicroServiceInstanceService"
2017-10-30T10:45:12.334+08:00 INFO service_center 1444 route.go addRoute():69 "register route /v4/:domain/registry/instances(GET)."
2017-10-30T10:45:12.334+08:00 INFO service_center 1444 route.go addRoute():69 "register route /v4/:domain/registry/microservices/:serviceId/instances(GET)."
2017-10-30T10:45:12.334+08:00 INFO service_center 1444 route.go addRoute():69 "register route /v4/:domain/registry/microservices/:serviceId/instances/:instanceId(GET)."
2017-10-30T10:45:12.334+08:00 INFO service_center 1444 route.go addRoute():69 "register route /v4/:domain/registry/microservices/:serviceId/instances(POST)."
2017-10-30T10:45:12.334+08:00 INFO service_center 1444 route.go addRoute():69 "register route /v4/:domain/registry/microservices/:serviceId/instances/:instanceId(DELETE)."
2017-10-30T10:45:12.334+08:00 INFO service_center 1444 route.go addRoute():69 "register route /v4/:domain/registry/microservices/:serviceId/instances/:instanceId/properties(PUT)."
2017-10-30T10:45:12.334+08:00 INFO service_center 1444 route.go addRoute():69 "register route /v4/:domain/registry/microservices/:serviceId/instances/:instanceId/status(PUT)."
2017-10-30T10:45:12.334+08:00 INFO service_center 1444 route.go addRoute():69 "register route /v4/:domain/registry/microservices/:serviceId/instances/:instanceId/heartbeat(PUT)."
2017-10-30T10:45:12.334+08:00 INFO service_center 1444 route.go addRoute():69 "register route /v4/:domain/registry/heartbeats(PUT)."
2017-10-30T10:45:12.334+08:00 INFO service_center 1444 roa.go RegisterServent():64 "register servant github.com/ServiceComb/service-center/server/rest/controller/v4.WatchService"
2017-10-30T10:45:12.334+08:00 INFO service_center 1444 route.go addRoute():69 "register route /v4/:domain/registry/microservices/:serviceId/watcher(GET)."
2017-10-30T10:45:12.334+08:00 INFO service_center 1444 route.go addRoute():69 "register route /v4/:domain/registry/microservices/:serviceId/listwatcher(GET)."
2017-10-30T10:45:12.335+08:00 INFO service_center 1444 roa.go RegisterServent():64 "register servant github.com/ServiceComb/service-center/server/rest/controller/v4.GovernService"
2017-10-30T10:45:12.335+08:00 INFO service_center 1444 route.go addRoute():69 "register route /v4/:domain/govern/microservices/:serviceId(GET)."
2017-10-30T10:45:12.335+08:00 INFO service_center 1444 route.go addRoute():69 "register route /v4/:domain/govern/relations(GET)."
2017-10-30T10:45:12.335+08:00 INFO service_center 1444 route.go addRoute():69 "register route /v4/:domain/govern/microservices(GET)."
2017-10-30T10:45:12.335+08:00 INFO service_center 1444 roa.go RegisterServent():64 "register servant github.com/ServiceComb/service-center/server/rest/controller/v3.MainService"
2017-10-30T10:45:12.335+08:00 INFO service_center 1444 route.go addRoute():69 "register route /version(GET)."
2017-10-30T10:45:12.335+08:00 INFO service_center 1444 route.go addRoute():69 "register route /health(GET)."
2017-10-30T10:45:12.335+08:00 INFO service_center 1444 roa.go RegisterServent():64 "register servant github.com/ServiceComb/service-center/server/rest/controller/v3.MicroServiceService"
2017-10-30T10:45:12.335+08:00 INFO service_center 1444 route.go addRoute():69 "register route /registry/v3/existence(GET)."
2017-10-30T10:45:12.335+08:00 INFO service_center 1444 route.go addRoute():69 "register route /registry/v3/microservices(GET)."
2017-10-30T10:45:12.335+08:00 INFO service_center 1444 route.go addRoute():69 "register route /registry/v3/microservices/:serviceId(GET)."
2017-10-30T10:45:12.335+08:00 INFO service_center 1444 route.go addRoute():69 "register route /registry/v3/microservices(POST)."
2017-10-30T10:45:12.335+08:00 INFO service_center 1444 route.go addRoute():69 "register route /registry/v3/microservices/:serviceId/properties(PUT)."
2017-10-30T10:45:12.335+08:00 INFO service_center 1444 route.go addRoute():69 "register route /registry/v3/microservices/:serviceId(DELETE)."
2017-10-30T10:45:12.335+08:00 INFO service_center 1444 route.go addRoute():69 "register route /registry/v3/microservices/:serviceId/schemas/:schemaId(GET)."
2017-10-30T10:45:12.335+08:00 INFO service_center 1444 route.go addRoute():69 "register route /registry/v3/microservices/:serviceId/schemas/:schemaId(PUT)."
2017-10-30T10:45:12.335+08:00 INFO service_center 1444 route.go addRoute():69 "register route /registry/v3/microservices/:serviceId/schemas/:schemaId(DELETE)."
2017-10-30T10:45:12.335+08:00 INFO service_center 1444 route.go addRoute():69 "register route /registry/v3/microservices/:serviceId/schemas(POST)."
2017-10-30T10:45:12.335+08:00 INFO service_center 1444 route.go addRoute():69 "register route /registry/v3/dependencies(PUT)."
2017-10-30T10:45:12.335+08:00 INFO service_center 1444 route.go addRoute():69 "register route /registry/v3/microservices/:consumerId/providers(GET)."
2017-10-30T10:45:12.335+08:00 INFO service_center 1444 route.go addRoute():69 "register route /registry/v3/microservices/:providerId/consumers(GET)."
2017-10-30T10:45:12.335+08:00 INFO service_center 1444 route.go addRoute():69 "register route /registry/v3/microservices(DELETE)."
2017-10-30T10:45:12.335+08:00 INFO service_center 1444 roa.go RegisterServent():64 "register servant github.com/ServiceComb/service-center/server/rest/controller/v3.TagService"
2017-10-30T10:45:12.335+08:00 INFO service_center 1444 route.go addRoute():69 "register route /registry/v3/microservices/:serviceId/tags(POST)."
2017-10-30T10:45:12.335+08:00 INFO service_center 1444 route.go addRoute():69 "register route /registry/v3/microservices/:serviceId/tags/:key(PUT)."
2017-10-30T10:45:12.335+08:00 INFO service_center 1444 route.go addRoute():69 "register route /registry/v3/microservices/:serviceId/tags(GET)."
2017-10-30T10:45:12.335+08:00 INFO service_center 1444 route.go addRoute():69 "register route /registry/v3/microservices/:serviceId/tags/:key(DELETE)."
2017-10-30T10:45:12.335+08:00 INFO service_center 1444 roa.go RegisterServent():64 "register servant github.com/ServiceComb/service-center/server/rest/controller/v3.RuleService"
2017-10-30T10:45:12.335+08:00 INFO service_center 1444 route.go addRoute():69 "register route /registry/v3/microservices/:serviceId/rules(POST)."
2017-10-30T10:45:12.335+08:00 INFO service_center 1444 route.go addRoute():69 "register route /registry/v3/microservices/:serviceId/rules(GET)."
2017-10-30T10:45:12.335+08:00 INFO service_center 1444 route.go addRoute():69 "register route /registry/v3/microservices/:serviceId/rules/:rule_id(PUT)."
2017-10-30T10:45:12.335+08:00 INFO service_center 1444 route.go addRoute():69 "register route /registry/v3/microservices/:serviceId/rules/:rule_id(DELETE)."
2017-10-30T10:45:12.336+08:00 INFO service_center 1444 roa.go RegisterServent():64 "register servant github.com/ServiceComb/service-center/server/rest/controller/v3.MicroServiceInstanceService"
2017-10-30T10:45:12.336+08:00 INFO service_center 1444 route.go addRoute():69 "register route /registry/v3/instances(GET)."
2017-10-30T10:45:12.336+08:00 INFO service_center 1444 route.go addRoute():69 "register route /registry/v3/microservices/:serviceId/instances(GET)."
2017-10-30T10:45:12.336+08:00 INFO service_center 1444 route.go addRoute():69 "register route /registry/v3/microservices/:serviceId/instances/:instanceId(GET)."
2017-10-30T10:45:12.336+08:00 INFO service_center 1444 route.go addRoute():69 "register route /registry/v3/microservices/:serviceId/instances(POST)."
2017-10-30T10:45:12.336+08:00 INFO service_center 1444 route.go addRoute():69 "register route /registry/v3/microservices/:serviceId/instances/:instanceId(DELETE)."
2017-10-30T10:45:12.336+08:00 INFO service_center 1444 route.go addRoute():69 "register route /registry/v3/microservices/:serviceId/instances/:instanceId/properties(PUT)."
2017-10-30T10:45:12.336+08:00 INFO service_center 1444 route.go addRoute():69 "register route /registry/v3/microservices/:serviceId/instances/:instanceId/status(PUT)."
2017-10-30T10:45:12.336+08:00 INFO service_center 1444 route.go addRoute():69 "register route /registry/v3/microservices/:serviceId/instances/:instanceId/heartbeat(PUT)."
2017-10-30T10:45:12.336+08:00 INFO service_center 1444 route.go addRoute():69 "register route /registry/v3/heartbeats(PUT)."
2017-10-30T10:45:12.336+08:00 INFO service_center 1444 roa.go RegisterServent():64 "register servant github.com/ServiceComb/service-center/server/rest/controller/v3.WatchService"
2017-10-30T10:45:12.336+08:00 INFO service_center 1444 route.go addRoute():69 "register route /registry/v3/microservices/:serviceId/watcher(GET)."
2017-10-30T10:45:12.336+08:00 INFO service_center 1444 route.go addRoute():69 "register route /registry/v3/microservices/:serviceId/listwatcher(GET)."
2017-10-30T10:45:12.336+08:00 INFO service_center 1444 roa.go RegisterServent():64 "register servant github.com/ServiceComb/service-center/server/rest/controller/v3.GovernService"
2017-10-30T10:45:12.336+08:00 INFO service_center 1444 route.go addRoute():69 "register route /registry/v3/govern/service/:serviceId(GET)."
2017-10-30T10:45:12.336+08:00 INFO service_center 1444 route.go addRoute():69 "register route /registry/v3/govern/relation(GET)."
2017-10-30T10:45:12.336+08:00 INFO service_center 1444 route.go addRoute():69 "register route /registry/v3/govern/services(GET)."
2017-10-30T10:45:12.336+08:00 INFO service_center 1444 bootstrap.go 0():41 "BootStrap Huawei Enterprise Edition"
2017-10-30T10:45:12.336+08:00 INFO service_center 1444 interceptors.go InterceptFunc():72 "Intercept github.com/ServiceComb/service-center/server/interceptor/ratelimiter.Intercept at ACCESS PHASE"
2017-10-30T10:45:12.336+08:00 INFO service_center 1444 interceptors.go InterceptFunc():72 "Intercept github.com/ServiceComb/service-center/server/interceptor/access.Intercept at ACCESS PHASE"
2017-10-30T10:45:12.336+08:00 INFO service_center 1444 interceptors.go InterceptFunc():72 "Intercept github.com/ServiceComb/service-center/server/interceptor/cors.Intercept at ACCESS PHASE"
2017-10-30T10:45:12.336+08:00 INFO service_center 1444 interceptors.go InterceptFunc():72 "Intercept github.com/ServiceComb/service-center/server/interceptor/maxbody.Intercept at CONTENT PHASE"
2017-10-30T10:45:12.336+08:00 INFO service_center 1444 interceptors.go InterceptFunc():72 "Intercept github.com/ServiceComb/service-center/server/interceptor/access.Log at LOG PHASE"
2017-10-30T10:45:12.337+08:00 INFO service_center 1444 mutex.go Lock():126 "Trying to create a lock: key=/cse/etcdsync/global, id=szxbz1373-1444-20171030-10:45:12.337157"
2017-10-30T10:45:12.352+08:00 INFO service_center 1444 mutex.go Lock():138 "Create Lock OK, key=/cse/etcdsync/global, id=szxbz1373-1444-20171030-10:45:12.337157"
2017-10-30T10:45:12.353+08:00 INFO service_center 1444 mutex.go Unlock():187 "Delete lock OK, key=/cse/etcdsync/global, id=szxbz1373-1444-20171030-10:45:12.337157"
2017-10-30T10:45:12.362+08:00 INFO service_center 1444 api.go startRESTServer():208 "Local listen address: rest://127.0.0.1:30100, host: service_center_10_229_34_219."
2017-10-30T10:45:12.363+08:00 WARN service_center 1444 api.go registryService():93 "service center service already registered, service id 147b5c26bd1a11e7aff9286ed488d07e"
2017-10-30T10:45:12.363+08:00 INFO service_center 1444 instances.go Register():79 "start register a new instance: service 147b5c26bd1a11e7aff9286ed488d07e/service_center_10_229_34_219"
2017-10-30T10:45:12.364+08:00 INFO service_center 1444 instances.go Register():230 "register instance successful service 147b5c26bd1a11e7aff9286ed488d07e/service_center_10_229_34_219, instanceId 2c001330bd1c11e7916a286ed488d07e, operator ."
2017-10-30T10:45:12.364+08:00 INFO service_center 1444 api.go registryInstance():131 "register service center instance successfully, instance 147b5c26bd1a11e7aff9286ed488d07e/2c001330bd1c11e7916a286ed488d07e, endpoints [rest://127.0.0.1:30100]"
2017-10-30T10:45:12.364+08:00 INFO service_center 1444 api.go Start():275 "api server is ready"
2017-10-30T10:45:12.367+08:00 WARN service_center 1444 dependency.go GetConsumersInCache():87 "Get consumer for publish from database is empty.147b5c26bd1a11e7aff9286ed488d07e , get from cache"
2017-10-30T10:45:15.487+08:00 WARN service_center 1444 limiter.go LoadConfig():66 "Rate-limit Load config, ttl: 1s, conns: 0, iplookups: RemoteAddr,X-Forwarded-For,X-Real-IP"
2017-10-30T10:45:15.489+08:00 INFO service_center 1444 schema.go modifySchemas():293 "add new schema schemaId:\"forth\" summary:\"forth\" schema:\"forth\" "
2017-10-30T10:45:29.936+08:00 ERROR service_center 1444 schema.go modifySchemas():287 "run mode is prod, schema more exist, can't change.[schemaId:\"forth\" summary:\"forth\" schema:\"forth\" ]"
2017-10-30T10:46:31.007+08:00 WARN service_center 1444 grace.go handleSignals():128 "received signal 'interrupt'"
2017-10-30T10:46:34.015+08:00 ERROR service_center 1444 instances.go Unregister():267 "unregister instance failed, instance 147b5c26bd1a11e7aff9286ed488d07e/2c001330bd1c11e7916a286ed488d07e, operator : revoke instance failed."
2017-10-30T10:46:34.015+08:00 ERROR service_center 1444 api.go unregisterInstance():144 "unregister service center instance failed, Revoke instance failed."
2017-10-30T10:46:36.020+08:00 WARN service_center 1444 0_init.go handleSignals():130 "Clean up resources timed out(5s), force shutdown."
